<?xml version="1.0" encoding="UTF-8"?>
<!-- Generated by org.testng.reporters.JUnitReportReporter -->
<testsuite hostname="Kishore" failures="0" tests="1" name="Com.testng.Parameterization" time="10.177" errors="0" timestamp="2025-07-24T00:25:08 IST" skipped="0">
  <testcase classname="Com.testng.Parameterization" name="login" time="10.177"/>
</testsuite> <!-- Com.testng.Parameterization -->
