<?xml version="1.0" encoding="UTF-8"?>
<!-- Generated by org.testng.reporters.JUnitReportReporter -->
<testsuite hostname="Kishore" failures="0" tests="2" name="Com.testng.Assertion" time="0.015" errors="0" timestamp="2025-07-22T22:34:32 IST" skipped="0">
  <testcase classname="Com.testng.Assertion" name="hardAssert" time="0.011"/>
  <testcase classname="Com.testng.Assertion" name="softAssert" time="0.004"/>
</testsuite> <!-- Com.testng.Assertion -->
