<?xml version="1.0" encoding="UTF-8"?>
<!-- Generated by org.testng.reporters.JUnitReportReporter -->
<testsuite hostname="Kishore" failures="0" tests="3" name="Com.testng.SampleAutomation" time="0.025" errors="0" timestamp="2025-07-21T23:36:44 IST" skipped="0">
  <testcase classname="Com.testng.SampleAutomation" name="women" time="0.004"/>
  <testcase classname="Com.testng.SampleAutomation" name="kids" time="0.008"/>
  <testcase classname="Com.testng.SampleAutomation" name="men" time="0.013"/>
</testsuite> <!-- Com.testng.SampleAutomation -->
