<?xml version="1.0" encoding="UTF-8"?>
<!-- Generated by org.testng.reporters.JUnitReportReporter -->
<testsuite hostname="Kishore" failures="0" tests="5" name="Com.testng.InvocationCount" time="54.314" errors="0" timestamp="2025-07-23T23:38:20 IST" skipped="0">
  <testcase classname="Com.testng.InvocationCount" name="youtube" time="7.254"/>
  <testcase classname="Com.testng.InvocationCount" name="youtube" time="18.523"/>
  <testcase classname="Com.testng.InvocationCount" name="youtube" time="10.868"/>
  <testcase classname="Com.testng.InvocationCount" name="youtube" time="9.012"/>
  <testcase classname="Com.testng.InvocationCount" name="youtube" time="8.657"/>
</testsuite> <!-- Com.testng.InvocationCount -->
