<?xml version="1.0" encoding="UTF-8"?>
<!-- Generated by org.testng.reporters.JUnitReportReporter -->
<testsuite hostname="Kishore" failures="0" tests="3" name="Com.testng.CrossBrowserTesting" time="15.910" errors="0" timestamp="2025-07-21T23:36:44 IST" skipped="0">
  <testcase classname="Com.testng.CrossBrowserTesting" name="firefox" time="7.922"/>
  <testcase classname="Com.testng.CrossBrowserTesting" name="Edge" time="3.920"/>
  <testcase classname="Com.testng.CrossBrowserTesting" name="chrome" time="4.068"/>
</testsuite> <!-- Com.testng.CrossBrowserTesting -->
