<?xml version="1.0" encoding="UTF-8"?>
<!-- Generated by org.testng.reporters.JUnitReportReporter -->
<testsuite hostname="Kishore" failures="0" tests="3" name="Com.testng.DependsOnMethod" time="0.014" errors="0" timestamp="2025-07-22T21:35:02 IST" skipped="0">
  <testcase classname="Com.testng.DependsOnMethod" name="SampleThree" time="0.002"/>
  <testcase classname="Com.testng.DependsOnMethod" name="SampleOne" time="0.011"/>
  <testcase classname="Com.testng.DependsOnMethod" name="SampleTwo" time="0.001"/>
</testsuite> <!-- Com.testng.DependsOnMethod -->
