<?xml version="1.0" encoding="UTF-8"?>
<!-- Generated by org.testng.reporters.JUnitReportReporter -->
<testsuite hostname="Kishore" failures="0" tests="3" name="Com.testng.TestNGExcelDataProvider" time="17.281" errors="0" timestamp="2025-07-24T01:57:10 IST" skipped="0">
  <testcase classname="Com.testng.TestNGExcelDataProvider" name="login" time="5.170"/>
  <testcase classname="Com.testng.TestNGExcelDataProvider" name="login" time="7.196"/>
  <testcase classname="Com.testng.TestNGExcelDataProvider" name="login" time="4.915"/>
</testsuite> <!-- Com.testng.TestNGExcelDataProvider -->
