<?xml version="1.0" encoding="UTF-8"?>
<!-- Generated by org.testng.reporters.JUnitReportReporter -->
<testsuite hostname="Kishore" failures="0" tests="10" name="Com.testng.GroupingClass" time="0.026" errors="0" timestamp="2025-07-22T22:01:29 IST" skipped="0">
  <testcase classname="Com.testng.GroupingClass" name="Honda" time="0.002"/>
  <testcase classname="Com.testng.GroupingClass" name="Suzuki" time="0.001"/>
  <testcase classname="Com.testng.GroupingClass" name="Aprilia" time="0.010"/>
  <testcase classname="Com.testng.GroupingClass" name="Benelli" time="0.002"/>
  <testcase classname="Com.testng.GroupingClass" name="RoyalEnfield" time="0.002"/>
  <testcase classname="Com.testng.GroupingClass" name="Ducati" time="0.001"/>
  <testcase classname="Com.testng.GroupingClass" name="HarleyDavidson" time="0.001"/>
  <testcase classname="Com.testng.GroupingClass" name="Bajaj" time="0.002"/>
  <testcase classname="Com.testng.GroupingClass" name="Buell" time="0.003"/>
  <testcase classname="Com.testng.GroupingClass" name="Yamaha" time="0.002"/>
</testsuite> <!-- Com.testng.GroupingClass -->
